<?xml version="1.0" encoding="UTF-8"?>
<testsuite name="com.ikoro.android.domain.identity.IdentityDerivationTest" tests="4" skipped="0" failures="0" errors="0" timestamp="2026-06-15T10:52:18" hostname="srv1725957" time="1.001">
  <properties/>
  <testcase name="seed fingerprint is 8 hex chars" classname="com.ikoro.android.domain.identity.IdentityDerivationTest" time="0.225"/>
  <testcase name="same mnemonic derives same nostr bech32 keys" classname="com.ikoro.android.domain.identity.IdentityDerivationTest" time="0.521"/>
  <testcase name="evm address starts with 0x and is 42 chars" classname="com.ikoro.android.domain.identity.IdentityDerivationTest" time="0.234"/>
  <testcase name="bip39 mnemonic has 12 words and validates" classname="com.ikoro.android.domain.identity.IdentityDerivationTest" time="0.012"/>
  <system-out><![CDATA[]]></system-out>
  <system-err><![CDATA[SLF4J: No SLF4J providers were found.
SLF4J: Defaulting to no-operation (NOP) logger implementation
SLF4J: See https://www.slf4j.org/codes.html#noProviders for further details.
]]></system-err>
</testsuite>
